%!Adobe-FontList 1.09

%BeginFont
Handler:DirectoryHandler
FontType:Invalid
OutlineFileName:C:/WINDOWS/Fonts/\8514fix.fon
FileModTime:1092744000
%EndFont

%BeginFont
Handler:DirectoryHandler
FontType:Invalid
OutlineFileName:C:/WINDOWS/Fonts/\8514fixe.fon
FileModTime:1092744000
%EndFont

%BeginFont
Handler:DirectoryHandler
FontType:Invalid
OutlineFileName:C:/WINDOWS/Fonts/\8514fixg.fon
FileModTime:1092744000
%EndFont

%BeginFont
Handler:DirectoryHandler
FontType:Invalid
OutlineFileName:C:/WINDOWS/Fonts/\8514fixr.fon
FileModTime:1092744000
%EndFont

%BeginFont
Handler:DirectoryHandler
FontType:Invalid
OutlineFileName:C:/WINDOWS/Fonts/\8514fixt.fon
FileModTime:1092744000
%EndFont

%BeginFont
Handler:DirectoryHandler
FontType:Invalid
OutlineFileName:C:/WINDOWS/Fonts/\8514oem.fon
FileModTime:1092744000
%EndFont

%BeginFont
Handler:DirectoryHandler
FontType:Invalid
OutlineFileName:C:/WINDOWS/Fonts/\8514oeme.fon
FileModTime:1092744000
%EndFont

%BeginFont
Handler:DirectoryHandler
FontType:Invalid
OutlineFileName:C:/WINDOWS/Fonts/\8514oemg.fon
FileModTime:1092744000
%EndFont

%BeginFont
Handler:DirectoryHandler
FontType:Invalid
OutlineFileName:C:/WINDOWS/Fonts/\8514oemr.fon
FileModTime:1092744000
%EndFont

%BeginFont
Handler:DirectoryHandler
FontType:Invalid
OutlineFileName:C:/WINDOWS/Fonts/\8514oemt.fon
FileModTime:1092744000
%EndFont

%BeginFont
Handler:DirectoryHandler
FontType:Invalid
OutlineFileName:C:/WINDOWS/Fonts/\8514sys.fon
FileModTime:1092744000
%EndFont

%BeginFont
Handler:DirectoryHandler
FontType:Invalid
OutlineFileName:C:/WINDOWS/Fonts/\8514syse.fon
FileModTime:1092744000
%EndFont

%BeginFont
Handler:DirectoryHandler
FontType:Invalid
OutlineFileName:C:/WINDOWS/Fonts/\8514sysg.fon
FileModTime:1092744000
%EndFont

%BeginFont
Handler:DirectoryHandler
FontType:Invalid
OutlineFileName:C:/WINDOWS/Fonts/\8514sysr.fon
FileModTime:1092744000
%EndFont

%BeginFont
Handler:DirectoryHandler
FontType:Invalid
OutlineFileName:C:/WINDOWS/Fonts/\8514syst.fon
FileModTime:1092744000
%EndFont

%BeginFont
Handler:DirectoryHandler
FontType:Invalid
OutlineFileName:C:/WINDOWS/Fonts/\85775.fon
FileModTime:1092744000
%EndFont

%BeginFont
Handler:DirectoryHandler
FontType:Invalid
OutlineFileName:C:/WINDOWS/Fonts/\85855.fon
FileModTime:1092744000
%EndFont

%BeginFont
Handler:DirectoryHandler
FontType:Invalid
OutlineFileName:C:/WINDOWS/Fonts/\85f1257.fon
FileModTime:1092744000
%EndFont

%BeginFont
Handler:DirectoryHandler
FontType:Invalid
OutlineFileName:C:/WINDOWS/Fonts/\85s1257.fon
FileModTime:1092744000
%EndFont

%BeginFont
Handler:DirectoryHandler
FontType:TrueType
FontName:BookAntiqua-Bold
FamilyName:Book Antiqua
StyleName:Bold
FullName:Book Antiqua Bold
WritingScript:Roman
OutlineFileName:C:/WINDOWS/Fonts/\ANTQUAB.TTF
DataFormat:sfntData
FileLength:151000
FileModTime:910829916
WeightClass:700
WidthClass:5
AngleClass:0
%EndFont

%BeginFont
Handler:DirectoryHandler
FontType:TrueType
FontName:BookAntiqua-BoldItalic
FamilyName:Book Antiqua
StyleName:Bold Italic
FullName:Book Antiqua Bold Italic
WritingScript:Roman
OutlineFileName:C:/WINDOWS/Fonts/\ANTQUABI.TTF
DataFormat:sfntData
FileLength:150416
FileModTime:910829920
WeightClass:700
WidthClass:5
AngleClass:1
%EndFont

%BeginFont
Handler:DirectoryHandler
FontType:TrueType
FontName:BookAntiqua-Italic
FamilyName:Book Antiqua
StyleName:Italic
FullName:Book Antiqua Italic
WritingScript:Roman
OutlineFileName:C:/WINDOWS/Fonts/\ANTQUAI.TTF
DataFormat:sfntData
FileLength:149092
FileModTime:910829920
WeightClass:400
WidthClass:5
AngleClass:1
%EndFont

%BeginFont
Handler:DirectoryHandler
FontType:Invalid
OutlineFileName:C:/WINDOWS/Fonts/\app775.fon
FileModTime:1092744000
%EndFont

%BeginFont
Handler:DirectoryHandler
FontType:Invalid
OutlineFileName:C:/WINDOWS/Fonts/\app850.fon
FileModTime:1092744000
%EndFont

%BeginFont
Handler:DirectoryHandler
FontType:Invalid
OutlineFileName:C:/WINDOWS/Fonts/\app852.fon
FileModTime:1092744000
%EndFont

%BeginFont
Handler:DirectoryHandler
FontType:Invalid
OutlineFileName:C:/WINDOWS/Fonts/\app855.fon
FileModTime:1092744000
%EndFont

%BeginFont
Handler:DirectoryHandler
FontType:Invalid
OutlineFileName:C:/WINDOWS/Fonts/\app857.fon
FileModTime:1092744000
%EndFont

%BeginFont
Handler:DirectoryHandler
FontType:Invalid
OutlineFileName:C:/WINDOWS/Fonts/\app866.fon
FileModTime:1092744000
%EndFont

%BeginFont
Handler:DirectoryHandler
FontType:Invalid
OutlineFileName:C:/WINDOWS/Fonts/\app932.fon
FileModTime:1092744000
%EndFont

%BeginFont
Handler:DirectoryHandler
FontType:Invalid
OutlineFileName:C:/WINDOWS/Fonts/\app936.fon
FileModTime:1092744000
%EndFont

%BeginFont
Handler:DirectoryHandler
FontType:Invalid
OutlineFileName:C:/WINDOWS/Fonts/\app949.fon
FileModTime:1092744000
%EndFont

%BeginFont
Handler:DirectoryHandler
FontType:Invalid
OutlineFileName:C:/WINDOWS/Fonts/\app950.fon
FileModTime:1092744000
%EndFont

%BeginFont
Handler:DirectoryHandler
FontType:TrueType
FontName:ArialMT
FamilyName:Arial
StyleName:Regular
FullName:Arial
WritingScript:Roman
OutlineFileName:C:/WINDOWS/Fonts/\arial.ttf
DataFormat:sfntData
FileLength:367112
FileModTime:1092744000
WeightClass:400
WidthClass:5
AngleClass:0
%EndFont

%BeginFont
Handler:DirectoryHandler
FontType:TrueType
FontName:Arial-BoldMT
FamilyName:Arial
StyleName:Bold
FullName:Arial Bold
WritingScript:Roman
OutlineFileName:C:/WINDOWS/Fonts/\arialbd.ttf
DataFormat:sfntData
FileLength:352224
FileModTime:1092744000
WeightClass:700
WidthClass:5
AngleClass:0
%EndFont

%BeginFont
Handler:DirectoryHandler
FontType:TrueType
FontName:Arial-BoldItalicMT
FamilyName:Arial
StyleName:Bold Italic
FullName:Arial Bold Italic
WritingScript:Roman
OutlineFileName:C:/WINDOWS/Fonts/\arialbi.ttf
DataFormat:sfntData
FileLength:226748
FileModTime:1092744000
WeightClass:700
WidthClass:5
AngleClass:1
%EndFont

%BeginFont
Handler:DirectoryHandler
FontType:TrueType
FontName:Arial-ItalicMT
FamilyName:Arial
StyleName:Italic
FullName:Arial Italic
WritingScript:Roman
OutlineFileName:C:/WINDOWS/Fonts/\ariali.ttf
DataFormat:sfntData
FileLength:207808
FileModTime:1092744000
WeightClass:400
WidthClass:5
AngleClass:1
%EndFont

%BeginFont
Handler:DirectoryHandler
FontType:TrueType
FontName:ArialNarrow
FamilyName:Arial Narrow
StyleName:Regular
FullName:Arial Narrow
WritingScript:Roman
OutlineFileName:C:/WINDOWS/Fonts/\ARIALN.TTF
DataFormat:sfntData
FileLength:134200
FileModTime:910859970
WeightClass:400
WidthClass:3
AngleClass:0
%EndFont

%BeginFont
Handler:DirectoryHandler
FontType:TrueType
FontName:ArialNarrow-Bold
FamilyName:Arial Narrow
StyleName:Bold
FullName:Arial Narrow Bold
WritingScript:Roman
OutlineFileName:C:/WINDOWS/Fonts/\ARIALNB.TTF
DataFormat:sfntData
FileLength:139128
FileModTime:910859948
WeightClass:700
WidthClass:3
AngleClass:0
%EndFont

%BeginFont
Handler:DirectoryHandler
FontType:TrueType
FontName:ArialNarrow-BoldItalic
FamilyName:Arial Narrow
StyleName:Bold Italic
FullName:Arial Narrow Bold Italic
WritingScript:Roman
OutlineFileName:C:/WINDOWS/Fonts/\ARIALNBI.TTF
DataFormat:sfntData
FileLength:138568
FileModTime:910859952
WeightClass:700
WidthClass:3
AngleClass:1
%EndFont

%BeginFont
Handler:DirectoryHandler
FontType:TrueType
FontName:ArialNarrow-Italic
FamilyName:Arial Narrow
StyleName:Italic
FullName:Arial Narrow Italic
WritingScript:Roman
OutlineFileName:C:/WINDOWS/Fonts/\ARIALNI.TTF
DataFormat:sfntData
FileLength:141408
FileModTime:910859962
WeightClass:400
WidthClass:3
AngleClass:1
%EndFont

%BeginFont
Handler:DirectoryHandler
FontType:TrueType
FontName:Arial-Black
FamilyName:Arial
StyleName:Black
FullName:Arial Black
WritingScript:Roman
OutlineFileName:C:/WINDOWS/Fonts/\ariblk.ttf
DataFormat:sfntData
FileLength:118832
FileModTime:1167623936
WeightClass:900
WidthClass:5
AngleClass:0
%EndFont

%BeginFont
Handler:DirectoryHandler
FontType:TrueType
FontName:Batang
FamilyName:Batang
StyleName:Regular
FullName:Batang
FamilyNameNative:바탕
StyleNameNative:Regular
FullNameNative:바탕
WritingScript:Korean
OutlineFileName:C:/WINDOWS/Fonts/\batang.ttc
TTCOffset:28
DataFormat:sfntData
FileLength:16258580
FileModTime:1092744000
WeightClass:400
WidthClass:5
AngleClass:0
%EndFont

%BeginFont
Handler:DirectoryHandler
FontType:TrueType
FontName:BatangChe
FamilyName:BatangChe
StyleName:Medium
FullName:BatangChe
FamilyNameNative:바탕체
StyleNameNative:Medium
FullNameNative:
WritingScript:Korean
OutlineFileName:C:/WINDOWS/Fonts/\batang.ttc
TTCOffset:47916
DataFormat:sfntData
FileLength:16258580
FileModTime:1092744000
WeightClass:400
WidthClass:5
AngleClass:0
%EndFont

%BeginFont
Handler:DirectoryHandler
FontType:TrueType
FontName:Gungsuh
FamilyName:Gungsuh
StyleName:Regular
FullName:Gungsuh
FamilyNameNative:궁서
StyleNameNative:Regular
FullNameNative:궁서
WritingScript:Korean
OutlineFileName:C:/WINDOWS/Fonts/\batang.ttc
TTCOffset:96624
DataFormat:sfntData
FileLength:16258580
FileModTime:1092744000
WeightClass:400
WidthClass:5
AngleClass:0
%EndFont

%BeginFont
Handler:DirectoryHandler
FontType:TrueType
FontName:GungsuhChe
FamilyName:GungsuhChe
StyleName:Regular
FullName:GungsuhChe
FamilyNameNative:궁서체
StyleNameNative:Regular
FullNameNative:
WritingScript:Korean
OutlineFileName:C:/WINDOWS/Fonts/\batang.ttc
TTCOffset:144528
DataFormat:sfntData
FileLength:16258580
FileModTime:1092744000
WeightClass:400
WidthClass:5
AngleClass:0
%EndFont

%BeginFont
Handler:DirectoryHandler
FontType:TrueType
FontName:BookAntiqua
FamilyName:Book Antiqua
StyleName:Regular
FullName:Book Antiqua
WritingScript:Roman
OutlineFileName:C:/WINDOWS/Fonts/\BKANT.TTF
DataFormat:sfntData
FileLength:155528
FileModTime:910829912
WeightClass:400
WidthClass:5
AngleClass:0
%EndFont

%BeginFont
Handler:DirectoryHandler
FontType:TrueType
FontName:BookmanOldStyle
FamilyName:Bookman Old Style
StyleName:Regular
FullName:Bookman Old Style
WritingScript:Roman
OutlineFileName:C:/WINDOWS/Fonts/\BOOKOS.TTF
DataFormat:sfntData
FileLength:160940
FileModTime:910171844
WeightClass:300
WidthClass:5
AngleClass:0
%EndFont

%BeginFont
Handler:DirectoryHandler
FontType:TrueType
FontName:BookmanOldStyle-Bold
FamilyName:Bookman Old Style
StyleName:Bold
FullName:Bookman Old Style Bold
WritingScript:Roman
OutlineFileName:C:/WINDOWS/Fonts/\BOOKOSB.TTF
DataFormat:sfntData
FileLength:154576
FileModTime:910171844
WeightClass:600
WidthClass:5
AngleClass:0
%EndFont

%BeginFont
Handler:DirectoryHandler
FontType:TrueType
FontName:BookmanOldStyle-BoldItalic
FamilyName:Bookman Old Style
StyleName:Bold Italic
FullName:Bookman Old Style Bold Italic
WritingScript:Roman
OutlineFileName:C:/WINDOWS/Fonts/\BOOKOSBI.TTF
DataFormat:sfntData
FileLength:162460
FileModTime:910171844
WeightClass:600
WidthClass:5
AngleClass:1
%EndFont

%BeginFont
Handler:DirectoryHandler
FontType:TrueType
FontName:BookmanOldStyle-Italic
FamilyName:Bookman Old Style
StyleName:Italic
FullName:Bookman Old Style Italic
WritingScript:Roman
OutlineFileName:C:/WINDOWS/Fonts/\BOOKOSI.TTF
DataFormat:sfntData
FileLength:161020
FileModTime:934955626
WeightClass:300
WidthClass:5
AngleClass:1
%EndFont

%BeginFont
Handler:DirectoryHandler
FontType:TrueType
FontName:BookshelfSymbolSeven
FamilyName:Bookshelf Symbol 7
StyleName:Regular
FullName:Bookshelf Symbol 7
WritingScript:Roman
OutlineFileName:C:/WINDOWS/Fonts/\BSSYM7.TTF
DataFormat:sfntData
FileLength:54412
FileModTime:1071204148
WeightClass:400
WidthClass:5
AngleClass:0
%EndFont

%BeginFont
Handler:DirectoryHandler
FontType:Invalid
OutlineFileName:C:/WINDOWS/Fonts/\c8514fix.fon
FileModTime:1092744000
%EndFont

%BeginFont
Handler:DirectoryHandler
FontType:Invalid
OutlineFileName:C:/WINDOWS/Fonts/\c8514oem.fon
FileModTime:1092744000
%EndFont

%BeginFont
Handler:DirectoryHandler
FontType:Invalid
OutlineFileName:C:/WINDOWS/Fonts/\c8514sys.fon
FileModTime:1092744000
%EndFont

%BeginFont
Handler:DirectoryHandler
FontType:TrueType
FontName:Cambria
FamilyName:Cambria
StyleName:Regular
FullName:Cambria
WritingScript:Roman
OutlineFileName:C:/WINDOWS/Fonts/\CAMBRIA.TTf
TTCOffset:32
DataFormat:sfntData
FileLength:1090456
FileModTime:1159276340
WeightClass:400
WidthClass:5
AngleClass:0
%EndFont

%BeginFont
Handler:DirectoryHandler
FontType:TrueType
FontName:CambriaMath
FamilyName:Cambria Math
StyleName:Regular
FullName:Cambria Math
WritingScript:Roman
OutlineFileName:C:/WINDOWS/Fonts/\CAMBRIA.TTf
TTCOffset:364
DataFormat:sfntData
FileLength:1090456
FileModTime:1159276340
WeightClass:400
WidthClass:5
AngleClass:0
%EndFont

%BeginFont
Handler:DirectoryHandler
FontType:Invalid
OutlineFileName:C:/WINDOWS/Fonts/\cga40737.fon
FileModTime:1092744000
%EndFont

%BeginFont
Handler:DirectoryHandler
FontType:Invalid
OutlineFileName:C:/WINDOWS/Fonts/\cga40850.fon
FileModTime:1092744000
%EndFont

%BeginFont
Handler:DirectoryHandler
FontType:Invalid
OutlineFileName:C:/WINDOWS/Fonts/\cga40852.fon
FileModTime:1092744000
%EndFont

%BeginFont
Handler:DirectoryHandler
FontType:Invalid
OutlineFileName:C:/WINDOWS/Fonts/\cga40857.fon
FileModTime:1092744000
%EndFont

%BeginFont
Handler:DirectoryHandler
FontType:Invalid
OutlineFileName:C:/WINDOWS/Fonts/\cga40866.fon
FileModTime:1092744000
%EndFont

%BeginFont
Handler:DirectoryHandler
FontType:Invalid
OutlineFileName:C:/WINDOWS/Fonts/\cga40869.fon
FileModTime:1092744000
%EndFont

%BeginFont
Handler:DirectoryHandler
FontType:Invalid
OutlineFileName:C:/WINDOWS/Fonts/\cga40woa.fon
FileModTime:1092744000
%EndFont

%BeginFont
Handler:DirectoryHandler
FontType:Invalid
OutlineFileName:C:/WINDOWS/Fonts/\cga80737.fon
FileModTime:1092744000
%EndFont

%BeginFont
Handler:DirectoryHandler
FontType:Invalid
OutlineFileName:C:/WINDOWS/Fonts/\cga80850.fon
FileModTime:1092744000
%EndFont

%BeginFont
Handler:DirectoryHandler
FontType:Invalid
OutlineFileName:C:/WINDOWS/Fonts/\cga80852.fon
FileModTime:1092744000
%EndFont

%BeginFont
Handler:DirectoryHandler
FontType:Invalid
OutlineFileName:C:/WINDOWS/Fonts/\cga80857.fon
FileModTime:1092744000
%EndFont

%BeginFont
Handler:DirectoryHandler
FontType:Invalid
OutlineFileName:C:/WINDOWS/Fonts/\cga80866.fon
FileModTime:1092744000
%EndFont

%BeginFont
Handler:DirectoryHandler
FontType:Invalid
OutlineFileName:C:/WINDOWS/Fonts/\cga80869.fon
FileModTime:1092744000
%EndFont

%BeginFont
Handler:DirectoryHandler
FontType:Invalid
OutlineFileName:C:/WINDOWS/Fonts/\cga80woa.fon
FileModTime:1092744000
%EndFont

%BeginFont
Handler:DirectoryHandler
FontType:TrueType
FontName:ComicSansMS
FamilyName:Comic Sans MS
StyleName:Regular
FullName:Comic Sans MS
WritingScript:Roman
OutlineFileName:C:/WINDOWS/Fonts/\comic.ttf
DataFormat:sfntData
FileLength:127596
FileModTime:1092744000
WeightClass:400
WidthClass:5
AngleClass:0
%EndFont

%BeginFont
Handler:DirectoryHandler
FontType:TrueType
FontName:ComicSansMS-Bold
FamilyName:Comic Sans MS
StyleName:Bold
FullName:Comic Sans MS Bold
WritingScript:Roman
OutlineFileName:C:/WINDOWS/Fonts/\comicbd.ttf
DataFormat:sfntData
FileLength:111476
FileModTime:1092744000
WeightClass:700
WidthClass:5
AngleClass:0
%EndFont

%BeginFont
Handler:DirectoryHandler
FontType:Invalid
OutlineFileName:C:/WINDOWS/Fonts/\coue1257.fon
FileModTime:1092744000
%EndFont

%BeginFont
Handler:DirectoryHandler
FontType:Invalid
OutlineFileName:C:/WINDOWS/Fonts/\couf1257.fon
FileModTime:1092744000
%EndFont

%BeginFont
Handler:DirectoryHandler
FontType:TrueType
FontName:CourierNewPSMT
FamilyName:Courier New
StyleName:Regular
FullName:Courier New
WritingScript:Roman
OutlineFileName:C:/WINDOWS/Fonts/\cour.ttf
DataFormat:sfntData
FileLength:303296
FileModTime:1092744000
WeightClass:400
WidthClass:5
AngleClass:0
%EndFont

%BeginFont
Handler:DirectoryHandler
FontType:TrueType
FontName:CourierNewPS-BoldMT
FamilyName:Courier New
StyleName:Bold
FullName:Courier New Bold
WritingScript:Roman
OutlineFileName:C:/WINDOWS/Fonts/\courbd.ttf
DataFormat:sfntData
FileLength:312920
FileModTime:1092744000
WeightClass:700
WidthClass:5
AngleClass:0
%EndFont

%BeginFont
Handler:DirectoryHandler
FontType:TrueType
FontName:CourierNewPS-BoldItalicMT
FamilyName:Courier New
StyleName:Bold Italic
FullName:Courier New Bold Italic
WritingScript:Roman
OutlineFileName:C:/WINDOWS/Fonts/\courbi.ttf
DataFormat:sfntData
FileLength:236148
FileModTime:1092744000
WeightClass:700
WidthClass:5
AngleClass:1
%EndFont

%BeginFont
Handler:DirectoryHandler
FontType:Invalid
OutlineFileName:C:/WINDOWS/Fonts/\coure.fon
FileModTime:1092744000
%EndFont

%BeginFont
Handler:DirectoryHandler
FontType:Invalid
OutlineFileName:C:/WINDOWS/Fonts/\couree.fon
FileModTime:1092744000
%EndFont

%BeginFont
Handler:DirectoryHandler
FontType:Invalid
OutlineFileName:C:/WINDOWS/Fonts/\coureg.fon
FileModTime:1092744000
%EndFont

%BeginFont
Handler:DirectoryHandler
FontType:Invalid
OutlineFileName:C:/WINDOWS/Fonts/\courer.fon
FileModTime:1092744000
%EndFont

%BeginFont
Handler:DirectoryHandler
FontType:Invalid
OutlineFileName:C:/WINDOWS/Fonts/\couret.fon
FileModTime:1092744000
%EndFont

%BeginFont
Handler:DirectoryHandler
FontType:Invalid
OutlineFileName:C:/WINDOWS/Fonts/\courf.fon
FileModTime:1092744000
%EndFont

%BeginFont
Handler:DirectoryHandler
FontType:Invalid
OutlineFileName:C:/WINDOWS/Fonts/\courfe.fon
FileModTime:1092744000
%EndFont

%BeginFont
Handler:DirectoryHandler
FontType:Invalid
OutlineFileName:C:/WINDOWS/Fonts/\courfg.fon
FileModTime:1092744000
%EndFont

%BeginFont
Handler:DirectoryHandler
FontType:Invalid
OutlineFileName:C:/WINDOWS/Fonts/\courfr.fon
FileModTime:1092744000
%EndFont

%BeginFont
Handler:DirectoryHandler
FontType:Invalid
OutlineFileName:C:/WINDOWS/Fonts/\courft.fon
FileModTime:1092744000
%EndFont

%BeginFont
Handler:DirectoryHandler
FontType:TrueType
FontName:CourierNewPS-ItalicMT
FamilyName:Courier New
StyleName:Italic
FullName:Courier New Italic
WritingScript:Roman
OutlineFileName:C:/WINDOWS/Fonts/\couri.ttf
DataFormat:sfntData
FileLength:245032
FileModTime:1092744000
WeightClass:400
WidthClass:5
AngleClass:1
%EndFont

%BeginFont
Handler:DirectoryHandler
FontType:Invalid
OutlineFileName:C:/WINDOWS/Fonts/\cvgafix.fon
FileModTime:1092744000
%EndFont

%BeginFont
Handler:DirectoryHandler
FontType:Invalid
OutlineFileName:C:/WINDOWS/Fonts/\cvgasys.fon
FileModTime:1092744000
%EndFont

%BeginFont
Handler:DirectoryHandler
FontType:Invalid
OutlineFileName:C:/WINDOWS/Fonts/\desktop.ini
FileModTime:1308823261
%EndFont

%BeginFont
Handler:DirectoryHandler
FontType:Invalid
OutlineFileName:C:/WINDOWS/Fonts/\dos737.fon
FileModTime:1092744000
%EndFont

%BeginFont
Handler:DirectoryHandler
FontType:Invalid
OutlineFileName:C:/WINDOWS/Fonts/\dosapp.fon
FileModTime:1092744000
%EndFont

%BeginFont
Handler:DirectoryHandler
FontType:Invalid
OutlineFileName:C:/WINDOWS/Fonts/\ega40737.fon
FileModTime:1092744000
%EndFont

%BeginFont
Handler:DirectoryHandler
FontType:Invalid
OutlineFileName:C:/WINDOWS/Fonts/\ega40850.fon
FileModTime:1092744000
%EndFont

%BeginFont
Handler:DirectoryHandler
FontType:Invalid
OutlineFileName:C:/WINDOWS/Fonts/\ega40852.fon
FileModTime:1092744000
%EndFont

%BeginFont
Handler:DirectoryHandler
FontType:Invalid
OutlineFileName:C:/WINDOWS/Fonts/\ega40857.fon
FileModTime:1092744000
%EndFont

%BeginFont
Handler:DirectoryHandler
FontType:Invalid
OutlineFileName:C:/WINDOWS/Fonts/\ega40866.fon
FileModTime:1092744000
%EndFont

%BeginFont
Handler:DirectoryHandler
FontType:Invalid
OutlineFileName:C:/WINDOWS/Fonts/\ega40869.fon
FileModTime:1092744000
%EndFont

%BeginFont
Handler:DirectoryHandler
FontType:Invalid
OutlineFileName:C:/WINDOWS/Fonts/\ega40woa.fon
FileModTime:1092744000
%EndFont

%BeginFont
Handler:DirectoryHandler
FontType:Invalid
OutlineFileName:C:/WINDOWS/Fonts/\ega80737.fon
FileModTime:1092744000
%EndFont

%BeginFont
Handler:DirectoryHandler
FontType:Invalid
OutlineFileName:C:/WINDOWS/Fonts/\ega80850.fon
FileModTime:1092744000
%EndFont

%BeginFont
Handler:DirectoryHandler
FontType:Invalid
OutlineFileName:C:/WINDOWS/Fonts/\ega80852.fon
FileModTime:1092744000
%EndFont

%BeginFont
Handler:DirectoryHandler
FontType:Invalid
OutlineFileName:C:/WINDOWS/Fonts/\ega80857.fon
FileModTime:1092744000
%EndFont

%BeginFont
Handler:DirectoryHandler
FontType:Invalid
OutlineFileName:C:/WINDOWS/Fonts/\ega80866.fon
FileModTime:1092744000
%EndFont

%BeginFont
Handler:DirectoryHandler
FontType:Invalid
OutlineFileName:C:/WINDOWS/Fonts/\ega80869.fon
FileModTime:1092744000
%EndFont

%BeginFont
Handler:DirectoryHandler
FontType:Invalid
OutlineFileName:C:/WINDOWS/Fonts/\ega80woa.fon
FileModTime:1092744000
%EndFont

%BeginFont
Handler:DirectoryHandler
FontType:TrueType
FontName:EstrangeloEdessa
FamilyName:Estrangelo Edessa
StyleName:Regular
FullName:Estrangelo Edessa
WritingScript:Roman
OutlineFileName:C:/WINDOWS/Fonts/\estre.ttf
DataFormat:sfntData
FileLength:79744
FileModTime:1092744000
WeightClass:400
WidthClass:5
AngleClass:0
%EndFont

%BeginFont
Handler:DirectoryHandler
FontType:TrueType
FontName:FranklinGothic-Medium
FamilyName:Franklin Gothic Medium
StyleName:Regular
FullName:Franklin Gothic Medium
WritingScript:Roman
OutlineFileName:C:/WINDOWS/Fonts/\framd.ttf
DataFormat:sfntData
FileLength:135984
FileModTime:1092744000
WeightClass:400
WidthClass:5
AngleClass:0
%EndFont

%BeginFont
Handler:DirectoryHandler
FontType:TrueType
FontName:FranklinGothic-MediumItalic
FamilyName:Franklin Gothic Medium
StyleName:Italic
FullName:Franklin Gothic Medium Italic
WritingScript:Roman
OutlineFileName:C:/WINDOWS/Fonts/\framdit.ttf
DataFormat:sfntData
FileLength:152844
FileModTime:1092744000
WeightClass:400
WidthClass:5
AngleClass:1
%EndFont

%BeginFont
Handler:DirectoryHandler
FontType:TrueType
FontName:FZSTK--GBK1-0
FamilyName:FZShuTi
StyleName:Regular
FullName:FZShuTi
FamilyNameNative:方正舒体
StyleNameNative:Regular
FullNameNative:方正舒体
WritingScript:SimplifiedChinese
OutlineFileName:C:/WINDOWS/Fonts/\FZSTK.TTF
DataFormat:sfntData
FileLength:7574196
FileModTime:1035947822
WeightClass:400
WidthClass:4
AngleClass:0
%EndFont

%BeginFont
Handler:DirectoryHandler
FontType:TrueType
FontName:FZYTK--GBK1-0
FamilyName:FZYaoTi
StyleName:Regular
FullName:FZYaoTi
FamilyNameNative:方正姚体
StyleNameNative:Regular
FullNameNative:方正姚体
WritingScript:SimplifiedChinese
OutlineFileName:C:/WINDOWS/Fonts/\FZYTK.TTF
DataFormat:sfntData
FileLength:3241748
FileModTime:1035947826
WeightClass:400
WidthClass:4
AngleClass:0
%EndFont

%BeginFont
Handler:DirectoryHandler
FontType:TrueType
FontName:Garamond
FamilyName:Garamond
StyleName:Regular
FullName:Garamond
WritingScript:Roman
OutlineFileName:C:/WINDOWS/Fonts/\GARA.TTF
DataFormat:sfntData
FileLength:196616
FileModTime:910680768
WeightClass:400
WidthClass:5
AngleClass:0
%EndFont

%BeginFont
Handler:DirectoryHandler
FontType:TrueType
FontName:Garamond-Bold
FamilyName:Garamond
StyleName:Bold
FullName:Garamond Bold
WritingScript:Roman
OutlineFileName:C:/WINDOWS/Fonts/\GARABD.TTF
DataFormat:sfntData
FileLength:198604
FileModTime:910680772
WeightClass:700
WidthClass:5
AngleClass:0
%EndFont

%BeginFont
Handler:DirectoryHandler
FontType:TrueType
FontName:Garamond-Italic
FamilyName:Garamond
StyleName:Italic
FullName:Garamond Italic
WritingScript:Roman
OutlineFileName:C:/WINDOWS/Fonts/\GARAIT.TTF
DataFormat:sfntData
FileLength:188988
FileModTime:910680772
WeightClass:400
WidthClass:5
AngleClass:1
%EndFont

%BeginFont
Handler:DirectoryHandler
FontType:TrueType
FontName:Gautami
FamilyName:Gautami
StyleName:Regular
FullName:Gautami
WritingScript:Roman
OutlineFileName:C:/WINDOWS/Fonts/\gautami.ttf
DataFormat:sfntData
FileLength:214936
FileModTime:1092744000
WeightClass:400
WidthClass:5
AngleClass:0
%EndFont

%BeginFont
Handler:DirectoryHandler
FontType:TrueType
FontName:Georgia
FamilyName:Georgia
StyleName:Regular
FullName:Georgia
WritingScript:Roman
OutlineFileName:C:/WINDOWS/Fonts/\georgia.ttf
DataFormat:sfntData
FileLength:155068
FileModTime:1092744000
WeightClass:400
WidthClass:5
AngleClass:0
%EndFont

%BeginFont
Handler:DirectoryHandler
FontType:TrueType
FontName:Georgia-Bold
FamilyName:Georgia
StyleName:Bold
FullName:Georgia Bold
WritingScript:Roman
OutlineFileName:C:/WINDOWS/Fonts/\georgiab.ttf
DataFormat:sfntData
FileLength:141032
FileModTime:1092744000
WeightClass:700
WidthClass:5
AngleClass:0
%EndFont

%BeginFont
Handler:DirectoryHandler
FontType:TrueType
FontName:Georgia-Italic
FamilyName:Georgia
StyleName:Italic
FullName:Georgia Italic
WritingScript:Roman
OutlineFileName:C:/WINDOWS/Fonts/\georgiai.ttf
DataFormat:sfntData
FileLength:157388
FileModTime:1092744000
WeightClass:400
WidthClass:5
AngleClass:1
%EndFont

%BeginFont
Handler:DirectoryHandler
FontType:TrueType
FontName:Georgia-BoldItalic
FamilyName:Georgia
StyleName:Bold Italic
FullName:Georgia Bold Italic
WritingScript:Roman
OutlineFileName:C:/WINDOWS/Fonts/\georgiaz.ttf
DataFormat:sfntData
FileLength:159736
FileModTime:1092744000
WeightClass:700
WidthClass:5
AngleClass:1
%EndFont

%BeginFont
Handler:DirectoryHandler
FontType:Invalid
OutlineFileName:C:/WINDOWS/Fonts/\GlobalMonospace.CompositeFont
FileModTime:1145345968
%EndFont

%BeginFont
Handler:DirectoryHandler
FontType:Invalid
OutlineFileName:C:/WINDOWS/Fonts/\GlobalSansSerif.CompositeFont
FileModTime:1151564036
%EndFont

%BeginFont
Handler:DirectoryHandler
FontType:Invalid
OutlineFileName:C:/WINDOWS/Fonts/\GlobalSerif.CompositeFont
FileModTime:1145345968
%EndFont

%BeginFont
Handler:DirectoryHandler
FontType:Invalid
OutlineFileName:C:/WINDOWS/Fonts/\GlobalUserInterface.CompositeFont
FileModTime:1151564332
%EndFont

%BeginFont
Handler:DirectoryHandler
FontType:TrueType
FontName:CenturyGothic
FamilyName:Century Gothic
StyleName:Regular
FullName:Century Gothic
WritingScript:Roman
OutlineFileName:C:/WINDOWS/Fonts/\GOTHIC.TTF
DataFormat:sfntData
FileLength:137568
FileModTime:910859968
WeightClass:400
WidthClass:5
AngleClass:0
%EndFont

%BeginFont
Handler:DirectoryHandler
FontType:TrueType
FontName:CenturyGothic-Bold
FamilyName:Century Gothic
StyleName:Bold
FullName:Century Gothic Bold
WritingScript:Roman
OutlineFileName:C:/WINDOWS/Fonts/\GOTHICB.TTF
DataFormat:sfntData
FileLength:129676
FileModTime:910859968
WeightClass:700
WidthClass:5
AngleClass:0
%EndFont

%BeginFont
Handler:DirectoryHandler
FontType:TrueType
FontName:CenturyGothic-BoldItalic
FamilyName:Century Gothic
StyleName:Bold Italic
FullName:Century Gothic Bold Italic
WritingScript:Roman
OutlineFileName:C:/WINDOWS/Fonts/\GOTHICBI.TTF
DataFormat:sfntData
FileLength:139084
FileModTime:910859968
WeightClass:700
WidthClass:5
AngleClass:1
%EndFont

%BeginFont
Handler:DirectoryHandler
FontType:TrueType
FontName:CenturyGothic-Italic
FamilyName:Century Gothic
StyleName:Italic
FullName:Century Gothic Italic
WritingScript:Roman
OutlineFileName:C:/WINDOWS/Fonts/\GOTHICI.TTF
DataFormat:sfntData
FileLength:148520
FileModTime:910859968
WeightClass:400
WidthClass:5
AngleClass:1
%EndFont

%BeginFont
Handler:DirectoryHandler
FontType:TrueType
FontName:Gulim
FamilyName:Gulim
StyleName:Regular
FullName:Gulim
FamilyNameNative:굴림
StyleNameNative:Regular
FullNameNative:굴림
WritingScript:Korean
OutlineFileName:C:/WINDOWS/Fonts/\gulim.ttc
TTCOffset:28
DataFormat:sfntData
FileLength:13518660
FileModTime:1092744000
WeightClass:400
WidthClass:5
AngleClass:0
%EndFont

%BeginFont
Handler:DirectoryHandler
FontType:TrueType
FontName:GulimChe
FamilyName:GulimChe
StyleName:Regular
FullName:GulimChe
FamilyNameNative:굴림체
StyleNameNative:Regular
FullNameNative:
WritingScript:Korean
OutlineFileName:C:/WINDOWS/Fonts/\gulim.ttc
TTCOffset:47900
DataFormat:sfntData
FileLength:13518660
FileModTime:1092744000
WeightClass:400
WidthClass:5
AngleClass:0
%EndFont

%BeginFont
Handler:DirectoryHandler
FontType:TrueType
FontName:Dotum
FamilyName:Dotum
StyleName:Regular
FullName:Dotum
FamilyNameNative:돋움
StyleNameNative:Regular
FullNameNative:돋움
WritingScript:Korean
OutlineFileName:C:/WINDOWS/Fonts/\gulim.ttc
TTCOffset:96592
DataFormat:sfntData
FileLength:13518660
FileModTime:1092744000
WeightClass:400
WidthClass:5
AngleClass:0
%EndFont

%BeginFont
Handler:DirectoryHandler
FontType:TrueType
FontName:DotumChe
FamilyName:DotumChe
StyleName:Regular
FullName:DotumChe
FamilyNameNative:돋움체
StyleNameNative:Regular
FullNameNative:
WritingScript:Korean
OutlineFileName:C:/WINDOWS/Fonts/\gulim.ttc
TTCOffset:144464
DataFormat:sfntData
FileLength:13518660
FileModTime:1092744000
WeightClass:400
WidthClass:5
AngleClass:0
%EndFont

%BeginFont
Handler:DirectoryHandler
FontType:Invalid
OutlineFileName:C:/WINDOWS/Fonts/\h8514fix.fon
FileModTime:1092744000
%EndFont

%BeginFont
Handler:DirectoryHandler
FontType:Invalid
OutlineFileName:C:/WINDOWS/Fonts/\h8514oem.fon
FileModTime:1092744000
%EndFont

%BeginFont
Handler:DirectoryHandler
FontType:Invalid
OutlineFileName:C:/WINDOWS/Fonts/\h8514sys.fon
FileModTime:1092744000
%EndFont

%BeginFont
Handler:DirectoryHandler
FontType:Invalid
OutlineFileName:C:/WINDOWS/Fonts/\hvgafix.fon
FileModTime:1092744000
%EndFont

%BeginFont
Handler:DirectoryHandler
FontType:Invalid
OutlineFileName:C:/WINDOWS/Fonts/\hvgasys.fon
FileModTime:1092744000
%EndFont

%BeginFont
Handler:DirectoryHandler
FontType:TrueType
FontName:Impact
FamilyName:Impact
StyleName:Regular
FullName:Impact
WritingScript:Roman
OutlineFileName:C:/WINDOWS/Fonts/\impact.ttf
DataFormat:sfntData
FileLength:137448
FileModTime:1167624846
WeightClass:400
WidthClass:3
AngleClass:0
%EndFont

%BeginFont
Handler:DirectoryHandler
FontType:Invalid
OutlineFileName:C:/WINDOWS/Fonts/\j8514fix.fon
FileModTime:1092744000
%EndFont

%BeginFont
Handler:DirectoryHandler
FontType:Invalid
OutlineFileName:C:/WINDOWS/Fonts/\j8514oem.fon
FileModTime:1092744000
%EndFont

%BeginFont
Handler:DirectoryHandler
FontType:Invalid
OutlineFileName:C:/WINDOWS/Fonts/\j8514sys.fon
FileModTime:1092744000
%EndFont

%BeginFont
Handler:DirectoryHandler
FontType:Invalid
OutlineFileName:C:/WINDOWS/Fonts/\jsmalle.fon
FileModTime:1092744000
%EndFont

%BeginFont
Handler:DirectoryHandler
FontType:Invalid
OutlineFileName:C:/WINDOWS/Fonts/\jsmallf.fon
FileModTime:1092744000
%EndFont

%BeginFont
Handler:DirectoryHandler
FontType:Invalid
OutlineFileName:C:/WINDOWS/Fonts/\jvgafix.fon
FileModTime:1092744000
%EndFont

%BeginFont
Handler:DirectoryHandler
FontType:Invalid
OutlineFileName:C:/WINDOWS/Fonts/\jvgasys.fon
FileModTime:1092744000
%EndFont

%BeginFont
Handler:DirectoryHandler
FontType:TrueType
FontName:Kartika
FamilyName:Kartika
StyleName:Regular
FullName:Kartika
WritingScript:Roman
OutlineFileName:C:/WINDOWS/Fonts/\kartika.ttf
DataFormat:sfntData
FileLength:121452
FileModTime:1092744000
WeightClass:400
WidthClass:5
AngleClass:0
%EndFont

%BeginFont
Handler:DirectoryHandler
FontType:TrueType
FontName:Latha
FamilyName:Latha
StyleName:Regular
FullName:Latha
WritingScript:Roman
OutlineFileName:C:/WINDOWS/Fonts/\latha.ttf
DataFormat:sfntData
FileLength:73292
FileModTime:1092744000
WeightClass:400
WidthClass:5
AngleClass:0
%EndFont

%BeginFont
Handler:DirectoryHandler
FontType:TrueType
FontName:LucidaSans
FamilyName:Lucida Sans
StyleName:Regular
FullName:Lucida Sans Regular
WritingScript:Roman
OutlineFileName:C:/WINDOWS/Fonts/\lsans.ttf
DataFormat:sfntData
FileLength:58740
FileModTime:1092744000
WeightClass:400
WidthClass:5
AngleClass:0
%EndFont

%BeginFont
Handler:DirectoryHandler
FontType:TrueType
FontName:LucidaSans-Demi
FamilyName:Lucida Sans
StyleName:Demibold Roman
FullName:Lucida Sans Demibold Roman
WritingScript:Roman
OutlineFileName:C:/WINDOWS/Fonts/\lsansd.ttf
DataFormat:sfntData
FileLength:54320
FileModTime:1092744000
WeightClass:600
WidthClass:5
AngleClass:0
%EndFont

%BeginFont
Handler:DirectoryHandler
FontType:TrueType
FontName:LucidaSans-DemiItalic
FamilyName:Lucida Sans
StyleName:Demibold Italic
FullName:Lucida Sans Demibold Italic
WritingScript:Roman
OutlineFileName:C:/WINDOWS/Fonts/\lsansdi.ttf
DataFormat:sfntData
FileLength:60664
FileModTime:1092744000
WeightClass:600
WidthClass:5
AngleClass:1
%EndFont

%BeginFont
Handler:DirectoryHandler
FontType:TrueType
FontName:LucidaSans-Italic
FamilyName:Lucida Sans
StyleName:Italic
FullName:Lucida Sans Italic
WritingScript:Roman
OutlineFileName:C:/WINDOWS/Fonts/\lsansi.ttf
DataFormat:sfntData
FileLength:59636
FileModTime:1092744000
WeightClass:400
WidthClass:5
AngleClass:1
%EndFont

%BeginFont
Handler:DirectoryHandler
FontType:TrueType
FontName:LucidaConsole
FamilyName:Lucida Console
StyleName:Regular
FullName:Lucida Console
WritingScript:Roman
OutlineFileName:C:/WINDOWS/Fonts/\lucon.ttf
DataFormat:sfntData
FileLength:115068
FileModTime:1092744000
WeightClass:400
WidthClass:4
AngleClass:0
%EndFont

%BeginFont
Handler:DirectoryHandler
FontType:TrueType
FontName:LucidaSansUnicode
FamilyName:Lucida Sans Unicode
StyleName:Regular
FullName:Lucida Sans Unicode
WritingScript:Roman
OutlineFileName:C:/WINDOWS/Fonts/\l_10646.ttf
DataFormat:sfntData
FileLength:323980
FileModTime:1092744000
WeightClass:400
WidthClass:5
AngleClass:0
%EndFont

%BeginFont
Handler:DirectoryHandler
FontType:TrueType
FontName:Mangal-Regular
FamilyName:Mangal
StyleName:Regular
FullName:Mangal
WritingScript:Roman
OutlineFileName:C:/WINDOWS/Fonts/\mangal.ttf
DataFormat:sfntData
FileLength:143864
FileModTime:1092744000
WeightClass:400
WidthClass:5
AngleClass:0
%EndFont

%BeginFont
Handler:DirectoryHandler
FontType:TrueType
FontName:Marlett
FamilyName:Marlett
StyleName:Regular
FullName:Marlett
WritingScript:Roman
OutlineFileName:C:/WINDOWS/Fonts/\marlett.ttf
DataFormat:sfntData
FileLength:24124
FileModTime:1092744000
WeightClass:500
WidthClass:5
AngleClass:0
%EndFont

%BeginFont
Handler:DirectoryHandler
FontType:TrueType
FontName:MicrosoftSansSerif
FamilyName:Microsoft Sans Serif
StyleName:Regular
FullName:Microsoft Sans Serif
WritingScript:Roman
OutlineFileName:C:/WINDOWS/Fonts/\micross.ttf
DataFormat:sfntData
FileLength:461672
FileModTime:1167625552
WeightClass:400
WidthClass:5
AngleClass:0
%EndFont

%BeginFont
Handler:DirectoryHandler
FontType:TrueType
FontName:MingLiU
FamilyName:MingLiU
StyleName:Regular
FullName:MingLiU
FamilyNameNative:細明體
StyleNameNative:Regular
FullNameNative:細明體
WritingScript:TraditionalChinese
OutlineFileName:C:/WINDOWS/Fonts/\mingliu.ttc
TTCOffset:20
DataFormat:sfntData
FileLength:8823308
FileModTime:1092744000
WeightClass:400
WidthClass:5
AngleClass:0
%EndFont

%BeginFont
Handler:DirectoryHandler
FontType:TrueType
FontName:PMingLiU
FamilyName:PMingLiU
StyleName:Regular
FullName:PMingLiU
FamilyNameNative:新細明體
StyleNameNative:Regular
FullNameNative:新細明體
WritingScript:TraditionalChinese
OutlineFileName:C:/WINDOWS/Fonts/\mingliu.ttc
TTCOffset:320
DataFormat:sfntData
FileLength:8823308
FileModTime:1092744000
WeightClass:400
WidthClass:5
AngleClass:0
%EndFont

%BeginFont
Handler:DirectoryHandler
FontType:Invalid
OutlineFileName:C:/WINDOWS/Fonts/\modern.fon
FileModTime:1092744000
%EndFont

%BeginFont
Handler:DirectoryHandler
FontType:TrueType
FontName:MS-Gothic
FamilyName:MS Gothic
StyleName:Regular
FullName:MS Gothic
FamilyNameNative:ＭＳ ゴシック
StyleNameNative:標準
FullNameNative:ＭＳ ゴシック
WritingScript:Japanese
OutlineFileName:C:/WINDOWS/Fonts/\msgothic.ttc
TTCOffset:24
DataFormat:sfntData
FileLength:8272028
FileModTime:1092744000
WeightClass:400
WidthClass:5
AngleClass:0
%EndFont

%BeginFont
Handler:DirectoryHandler
FontType:TrueType
FontName:MS-PGothic
FamilyName:MS PGothic
StyleName:Regular
FullName:MS PGothic
FamilyNameNative:ＭＳ Ｐゴシック
StyleNameNative:標準
FullNameNative:ＭＳ Ｐゴシック
WritingScript:Japanese
OutlineFileName:C:/WINDOWS/Fonts/\msgothic.ttc
TTCOffset:372
DataFormat:sfntData
FileLength:8272028
FileModTime:1092744000
WeightClass:400
WidthClass:5
AngleClass:0
%EndFont

%BeginFont
Handler:DirectoryHandler
FontType:TrueType
FontName:MS-UIGothic
FamilyName:MS UI Gothic
StyleName:Regular
FullName:MS UI Gothic
FamilyNameNative:MS UI Gothic
StyleNameNative:標準
FullNameNative:MS UI Gothic 標準
WritingScript:Japanese
OutlineFileName:C:/WINDOWS/Fonts/\msgothic.ttc
TTCOffset:736
DataFormat:sfntData
FileLength:8272028
FileModTime:1092744000
WeightClass:400
WidthClass:5
AngleClass:0
%EndFont

%BeginFont
Handler:DirectoryHandler
FontType:TrueType
FontName:MS-Mincho
FamilyName:MS Mincho
StyleName:Regular
FullName:MS Mincho
FamilyNameNative:ＭＳ 明朝
StyleNameNative:標準
FullNameNative:ＭＳ 明朝
WritingScript:Japanese
OutlineFileName:C:/WINDOWS/Fonts/\msmincho.ttc
TTCOffset:20
DataFormat:sfntData
FileLength:9135960
FileModTime:1092744000
WeightClass:400
WidthClass:5
AngleClass:0
%EndFont

%BeginFont
Handler:DirectoryHandler
FontType:TrueType
FontName:MS-PMincho
FamilyName:MS PMincho
StyleName:Regular
FullName:MS PMincho
FamilyNameNative:ＭＳ Ｐ明朝
StyleNameNative:標準
FullNameNative:ＭＳ Ｐ明朝
WritingScript:Japanese
OutlineFileName:C:/WINDOWS/Fonts/\msmincho.ttc
TTCOffset:368
DataFormat:sfntData
FileLength:9135960
FileModTime:1092744000
WeightClass:400
WidthClass:5
AngleClass:0
%EndFont

%BeginFont
Handler:DirectoryHandler
FontType:TrueType
FontName:MonotypeCorsiva
FamilyName:Monotype Corsiva
StyleName:Regular
FullName:Monotype Corsiva
WritingScript:Roman
OutlineFileName:C:/WINDOWS/Fonts/\MTCORSVA.TTF
DataFormat:sfntData
FileLength:157360
FileModTime:910680774
WeightClass:400
WidthClass:5
AngleClass:1
%EndFont

%BeginFont
Handler:DirectoryHandler
FontType:TrueType
FontName:MT-Extra
FamilyName:MT Extra
StyleName:Regular
FullName:MT Extra
WritingScript:Roman
OutlineFileName:C:/WINDOWS/Fonts/\MTEXTRA.TTF
DataFormat:sfntData
FileLength:7656
FileModTime:870367020
WeightClass:400
WidthClass:5
AngleClass:0
%EndFont

%BeginFont
Handler:DirectoryHandler
FontType:TrueType
FontName:MVBoli
FamilyName:MV Boli
StyleName:Regular
FullName:MV Boli
WritingScript:Roman
OutlineFileName:C:/WINDOWS/Fonts/\mvboli.ttf
DataFormat:sfntData
FileLength:40500
FileModTime:1092744000
WeightClass:400
WidthClass:5
AngleClass:1
%EndFont

%BeginFont
Handler:DirectoryHandler
FontType:TrueType
FontName:PalatinoLinotype-Roman
FamilyName:Palatino Linotype
StyleName:Regular
FullName:Palatino Linotype
WritingScript:Roman
OutlineFileName:C:/WINDOWS/Fonts/\pala.ttf
DataFormat:sfntData
FileLength:489884
FileModTime:1092744000
WeightClass:400
WidthClass:5
AngleClass:0
%EndFont

%BeginFont
Handler:DirectoryHandler
FontType:TrueType
FontName:PalatinoLinotype-Bold
FamilyName:Palatino Linotype
StyleName:Bold
FullName:Palatino Linotype Bold
WritingScript:Roman
OutlineFileName:C:/WINDOWS/Fonts/\palab.ttf
DataFormat:sfntData
FileLength:434004
FileModTime:1092744000
WeightClass:700
WidthClass:5
AngleClass:0
%EndFont

%BeginFont
Handler:DirectoryHandler
FontType:TrueType
FontName:PalatinoLinotype-BoldItalic
FamilyName:Palatino Linotype
StyleName:Bold Italic
FullName:Palatino Linotype Bold Italic
WritingScript:Roman
OutlineFileName:C:/WINDOWS/Fonts/\palabi.ttf
DataFormat:sfntData
FileLength:344288
FileModTime:1092744000
WeightClass:700
WidthClass:5
AngleClass:1
%EndFont

%BeginFont
Handler:DirectoryHandler
FontType:TrueType
FontName:PalatinoLinotype-Italic
FamilyName:Palatino Linotype
StyleName:Italic
FullName:Palatino Linotype Italic
WritingScript:Roman
OutlineFileName:C:/WINDOWS/Fonts/\palai.ttf
DataFormat:sfntData
FileLength:430800
FileModTime:1092744000
WeightClass:400
WidthClass:5
AngleClass:1
%EndFont

%BeginFont
Handler:DirectoryHandler
FontType:TrueType
FontName:Raavi
FamilyName:Raavi
StyleName:Regular
FullName:Raavi
WritingScript:Roman
OutlineFileName:C:/WINDOWS/Fonts/\raavi.ttf
DataFormat:sfntData
FileLength:57348
FileModTime:1092744000
WeightClass:400
WidthClass:5
AngleClass:0
%EndFont

%BeginFont
Handler:DirectoryHandler
FontType:TrueType
FontName:MSReferenceSansSerif
FamilyName:MS Reference Sans Serif
StyleName:Regular
FullName:MS Reference Sans Serif
WritingScript:Roman
OutlineFileName:C:/WINDOWS/Fonts/\REFSAN.TTF
DataFormat:sfntData
FileLength:220172
FileModTime:925963172
WeightClass:400
WidthClass:5
AngleClass:0
%EndFont

%BeginFont
Handler:DirectoryHandler
FontType:TrueType
FontName:MSReferenceSpecialty
FamilyName:MS Reference Specialty
StyleName:Regular
FullName:MS Reference Specialty
WritingScript:Roman
OutlineFileName:C:/WINDOWS/Fonts/\REFSPCL.TTF
DataFormat:sfntData
FileLength:53288
FileModTime:904806862
WeightClass:400
WidthClass:5
AngleClass:0
%EndFont

%BeginFont
Handler:DirectoryHandler
FontType:Invalid
OutlineFileName:C:/WINDOWS/Fonts/\roman.fon
FileModTime:1092744000
%EndFont

%BeginFont
Handler:DirectoryHandler
FontType:Invalid
OutlineFileName:C:/WINDOWS/Fonts/\s8514fix.fon
FileModTime:1092744000
%EndFont

%BeginFont
Handler:DirectoryHandler
FontType:Invalid
OutlineFileName:C:/WINDOWS/Fonts/\s8514oem.fon
FileModTime:1092744000
%EndFont

%BeginFont
Handler:DirectoryHandler
FontType:Invalid
OutlineFileName:C:/WINDOWS/Fonts/\s8514sys.fon
FileModTime:1092744000
%EndFont

%BeginFont
Handler:DirectoryHandler
FontType:Invalid
OutlineFileName:C:/WINDOWS/Fonts/\script.fon
FileModTime:1092744000
%EndFont

%BeginFont
Handler:DirectoryHandler
FontType:Invalid
OutlineFileName:C:/WINDOWS/Fonts/\sere1257.fon
FileModTime:1092744000
%EndFont

%BeginFont
Handler:DirectoryHandler
FontType:Invalid
OutlineFileName:C:/WINDOWS/Fonts/\serf1257.fon
FileModTime:1092744000
%EndFont

%BeginFont
Handler:DirectoryHandler
FontType:Invalid
OutlineFileName:C:/WINDOWS/Fonts/\serife.fon
FileModTime:1092744000
%EndFont

%BeginFont
Handler:DirectoryHandler
FontType:Invalid
OutlineFileName:C:/WINDOWS/Fonts/\serifee.fon
FileModTime:1092744000
%EndFont

%BeginFont
Handler:DirectoryHandler
FontType:Invalid
OutlineFileName:C:/WINDOWS/Fonts/\serifeg.fon
FileModTime:1092744000
%EndFont

%BeginFont
Handler:DirectoryHandler
FontType:Invalid
OutlineFileName:C:/WINDOWS/Fonts/\serifer.fon
FileModTime:1092744000
%EndFont

%BeginFont
Handler:DirectoryHandler
FontType:Invalid
OutlineFileName:C:/WINDOWS/Fonts/\serifet.fon
FileModTime:1092744000
%EndFont

%BeginFont
Handler:DirectoryHandler
FontType:Invalid
OutlineFileName:C:/WINDOWS/Fonts/\seriff.fon
FileModTime:1092744000
%EndFont

%BeginFont
Handler:DirectoryHandler
FontType:Invalid
OutlineFileName:C:/WINDOWS/Fonts/\seriffe.fon
FileModTime:1092744000
%EndFont

%BeginFont
Handler:DirectoryHandler
FontType:Invalid
OutlineFileName:C:/WINDOWS/Fonts/\seriffg.fon
FileModTime:1092744000
%EndFont

%BeginFont
Handler:DirectoryHandler
FontType:Invalid
OutlineFileName:C:/WINDOWS/Fonts/\seriffr.fon
FileModTime:1092744000
%EndFont

%BeginFont
Handler:DirectoryHandler
FontType:Invalid
OutlineFileName:C:/WINDOWS/Fonts/\serifft.fon
FileModTime:1092744000
%EndFont

%BeginFont
Handler:DirectoryHandler
FontType:TrueType
FontName:Shruti
FamilyName:Shruti
StyleName:Regular
FullName:Shruti
WritingScript:Roman
OutlineFileName:C:/WINDOWS/Fonts/\shruti.ttf
DataFormat:sfntData
FileLength:234280
FileModTime:1092744000
WeightClass:400
WidthClass:5
AngleClass:0
%EndFont

%BeginFont
Handler:DirectoryHandler
FontType:TrueType
FontName:FangSong_GB2312
FamilyName:FangSong_GB2312
StyleName:Regular
FullName:FangSong_GB2312
FamilyNameNative:仿宋_GB2312
StyleNameNative:Regular
FullNameNative:仿宋_GB2312
WritingScript:SimplifiedChinese
OutlineFileName:C:/WINDOWS/Fonts/\simfang.ttf
DataFormat:sfntData
FileLength:3996872
FileModTime:1092744000
WeightClass:400
WidthClass:5
AngleClass:0
%EndFont

%BeginFont
Handler:DirectoryHandler
FontType:TrueType
FontName:SimHei
FamilyName:SimHei
StyleName:Regular
FullName:SimHei
FamilyNameNative:黑体
StyleNameNative:Regular
FullNameNative:黑体
WritingScript:SimplifiedChinese
OutlineFileName:C:/WINDOWS/Fonts/\simhei.ttf
DataFormat:sfntData
FileLength:10044356
FileModTime:1092744000
WeightClass:400
WidthClass:5
AngleClass:0
%EndFont

%BeginFont
Handler:DirectoryHandler
FontType:TrueType
FontName:KaiTi_GB2312
FamilyName:KaiTi_GB2312
StyleName:Regular
FullName:KaiTi_GB2312
FamilyNameNative:楷体_GB2312
StyleNameNative:Regular
FullNameNative:楷体_GB2312
WritingScript:SimplifiedChinese
OutlineFileName:C:/WINDOWS/Fonts/\simkai.ttf
DataFormat:sfntData
FileLength:4135804
FileModTime:1092744000
WeightClass:400
WidthClass:5
AngleClass:0
%EndFont

%BeginFont
Handler:DirectoryHandler
FontType:TrueType
FontName:LiSu
FamilyName:LiSu
StyleName:Regular
FullName:LiSu
FamilyNameNative:隶书
StyleNameNative:Regular
FullNameNative:隶书
WritingScript:SimplifiedChinese
OutlineFileName:C:/WINDOWS/Fonts/\SIMLI.TTF
DataFormat:sfntData
FileLength:9317908
FileModTime:1035947832
WeightClass:400
WidthClass:5
AngleClass:0
%EndFont

%BeginFont
Handler:DirectoryHandler
FontType:TrueType
FontName:SimSun
FamilyName:SimSun
StyleName:Regular
FullName:SimSun
FamilyNameNative:宋体
StyleNameNative:Regular
FullNameNative:宋体
WritingScript:SimplifiedChinese
OutlineFileName:C:/WINDOWS/Fonts/\simsun.ttc
TTCOffset:36
DataFormat:sfntData
FileLength:10512288
FileModTime:1167624444
WeightClass:400
WidthClass:5
AngleClass:0
%EndFont

%BeginFont
Handler:DirectoryHandler
FontType:TrueType
FontName:NSimSun
FamilyName:NSimSun
StyleName:Regular
FullName:NSimSun
FamilyNameNative:新宋体
StyleNameNative:Regular
FullNameNative:新宋体
WritingScript:SimplifiedChinese
OutlineFileName:C:/WINDOWS/Fonts/\simsun.ttc
TTCOffset:352
DataFormat:sfntData
FileLength:10512288
FileModTime:1167624444
WeightClass:400
WidthClass:5
AngleClass:0
%EndFont

%BeginFont
Handler:DirectoryHandler
FontType:TrueType
FontName:SimSun-PUA
FamilyName:SimSun-PUA
StyleName:Regular
FullName:SimSun-PUA
FamilyNameNative:宋体-PUA
StyleNameNative:Regular
FullNameNative:宋体-PUA
WritingScript:SimplifiedChinese
OutlineFileName:C:/WINDOWS/Fonts/\simsun.ttc
TTCOffset:668
DataFormat:sfntData
FileLength:10512288
FileModTime:1167624444
WeightClass:400
WidthClass:5
AngleClass:0
%EndFont

%BeginFont
Handler:DirectoryHandler
FontType:TrueType
FontName:YouYuan
FamilyName:YouYuan
StyleName:Regular
FullName:YouYuan
FamilyNameNative:幼圆
StyleNameNative:Regular
FullNameNative:幼圆
WritingScript:SimplifiedChinese
OutlineFileName:C:/WINDOWS/Fonts/\SIMYOU.TTF
DataFormat:sfntData
FileLength:6794984
FileModTime:1035947836
WeightClass:400
WidthClass:5
AngleClass:0
%EndFont

%BeginFont
Handler:DirectoryHandler
FontType:Invalid
OutlineFileName:C:/WINDOWS/Fonts/\smae1257.fon
FileModTime:1092744000
%EndFont

%BeginFont
Handler:DirectoryHandler
FontType:Invalid
OutlineFileName:C:/WINDOWS/Fonts/\smaf1257.fon
FileModTime:1092744000
%EndFont

%BeginFont
Handler:DirectoryHandler
FontType:Invalid
OutlineFileName:C:/WINDOWS/Fonts/\smalle.fon
FileModTime:1092744000
%EndFont

%BeginFont
Handler:DirectoryHandler
FontType:Invalid
OutlineFileName:C:/WINDOWS/Fonts/\smallee.fon
FileModTime:1092744000
%EndFont

%BeginFont
Handler:DirectoryHandler
FontType:Invalid
OutlineFileName:C:/WINDOWS/Fonts/\smalleg.fon
FileModTime:1092744000
%EndFont

%BeginFont
Handler:DirectoryHandler
FontType:Invalid
OutlineFileName:C:/WINDOWS/Fonts/\smaller.fon
FileModTime:1092744000
%EndFont

%BeginFont
Handler:DirectoryHandler
FontType:Invalid
OutlineFileName:C:/WINDOWS/Fonts/\smallet.fon
FileModTime:1092744000
%EndFont

%BeginFont
Handler:DirectoryHandler
FontType:Invalid
OutlineFileName:C:/WINDOWS/Fonts/\smallf.fon
FileModTime:1092744000
%EndFont

%BeginFont
Handler:DirectoryHandler
FontType:Invalid
OutlineFileName:C:/WINDOWS/Fonts/\smallfe.fon
FileModTime:1092744000
%EndFont

%BeginFont
Handler:DirectoryHandler
FontType:Invalid
OutlineFileName:C:/WINDOWS/Fonts/\smallfg.fon
FileModTime:1092744000
%EndFont

%BeginFont
Handler:DirectoryHandler
FontType:Invalid
OutlineFileName:C:/WINDOWS/Fonts/\smallfr.fon
FileModTime:1092744000
%EndFont

%BeginFont
Handler:DirectoryHandler
FontType:Invalid
OutlineFileName:C:/WINDOWS/Fonts/\smallft.fon
FileModTime:1092744000
%EndFont

%BeginFont
Handler:DirectoryHandler
FontType:Invalid
OutlineFileName:C:/WINDOWS/Fonts/\ssee1257.fon
FileModTime:1092744000
%EndFont

%BeginFont
Handler:DirectoryHandler
FontType:Invalid
OutlineFileName:C:/WINDOWS/Fonts/\ssef1257.fon
FileModTime:1092744000
%EndFont

%BeginFont
Handler:DirectoryHandler
FontType:Invalid
OutlineFileName:C:/WINDOWS/Fonts/\sserife.fon
FileModTime:1092744000
%EndFont

%BeginFont
Handler:DirectoryHandler
FontType:Invalid
OutlineFileName:C:/WINDOWS/Fonts/\sserifee.fon
FileModTime:1092744000
%EndFont

%BeginFont
Handler:DirectoryHandler
FontType:Invalid
OutlineFileName:C:/WINDOWS/Fonts/\sserifeg.fon
FileModTime:1092744000
%EndFont

%BeginFont
Handler:DirectoryHandler
FontType:Invalid
OutlineFileName:C:/WINDOWS/Fonts/\sserifer.fon
FileModTime:1092744000
%EndFont

%BeginFont
Handler:DirectoryHandler
FontType:Invalid
OutlineFileName:C:/WINDOWS/Fonts/\sserifet.fon
FileModTime:1092744000
%EndFont

%BeginFont
Handler:DirectoryHandler
FontType:Invalid
OutlineFileName:C:/WINDOWS/Fonts/\sseriff.fon
FileModTime:1092744000
%EndFont

%BeginFont
Handler:DirectoryHandler
FontType:Invalid
OutlineFileName:C:/WINDOWS/Fonts/\sseriffe.fon
FileModTime:1092744000
%EndFont

%BeginFont
Handler:DirectoryHandler
FontType:Invalid
OutlineFileName:C:/WINDOWS/Fonts/\sseriffg.fon
FileModTime:1092744000
%EndFont

%BeginFont
Handler:DirectoryHandler
FontType:Invalid
OutlineFileName:C:/WINDOWS/Fonts/\sseriffr.fon
FileModTime:1092744000
%EndFont

%BeginFont
Handler:DirectoryHandler
FontType:Invalid
OutlineFileName:C:/WINDOWS/Fonts/\sserifft.fon
FileModTime:1092744000
%EndFont

%BeginFont
Handler:DirectoryHandler
FontType:TrueType
FontName:STCaiyun
FamilyName:STCaiyun
StyleName:Regular
FullName:STCaiyun
FamilyNameNative:华文彩云
StyleNameNative:Regular
FullNameNative:华文彩云
WritingScript:SimplifiedChinese
OutlineFileName:C:/WINDOWS/Fonts/\STCAIYUN.TTF
DataFormat:sfntData
FileLength:5673836
FileModTime:1035947842
WeightClass:400
WidthClass:5
AngleClass:0
%EndFont

%BeginFont
Handler:DirectoryHandler
FontType:TrueType
FontName:STFangsong
FamilyName:STFangsong
StyleName:Regular
FullName:STFangsong
FamilyNameNative:华文仿宋
StyleNameNative:Regular
FullNameNative:华文仿宋
WritingScript:SimplifiedChinese
OutlineFileName:C:/WINDOWS/Fonts/\STFANGSO.TTF
DataFormat:sfntData
FileLength:11362788
FileModTime:1035947850
WeightClass:400
WidthClass:5
AngleClass:0
%EndFont

%BeginFont
Handler:DirectoryHandler
FontType:TrueType
FontName:STXihei
FamilyName:STXihei
StyleName:Regular
FullName:STXihei
FamilyNameNative:华文细黑
StyleNameNative:Regular
FullNameNative:华文细黑
WritingScript:SimplifiedChinese
OutlineFileName:C:/WINDOWS/Fonts/\STXIHEI.TTF
DataFormat:sfntData
FileLength:9768704
FileModTime:1035947882
WeightClass:400
WidthClass:5
AngleClass:0
%EndFont

%BeginFont
Handler:DirectoryHandler
FontType:TrueType
FontName:STXingkai
FamilyName:STXingkai
StyleName:Regular
FullName:STXingkai
FamilyNameNative:华文行楷
StyleNameNative:Regular
FullNameNative:华文行楷
WritingScript:SimplifiedChinese
OutlineFileName:C:/WINDOWS/Fonts/\STXINGKA.TTF
DataFormat:sfntData
FileLength:4016288
FileModTime:1035947888
WeightClass:400
WidthClass:5
AngleClass:0
%EndFont

%BeginFont
Handler:DirectoryHandler
FontType:TrueType
FontName:STXinwei
FamilyName:STXinwei
StyleName:Regular
FullName:STXinwei
FamilyNameNative:华文新魏
StyleNameNative:Regular
FullNameNative:华文新魏
WritingScript:SimplifiedChinese
OutlineFileName:C:/WINDOWS/Fonts/\STXINWEI.TTF
DataFormat:sfntData
FileLength:4051204
FileModTime:1035947892
WeightClass:400
WidthClass:5
AngleClass:0
%EndFont

%BeginFont
Handler:DirectoryHandler
FontType:TrueType
FontName:STZhongsong
FamilyName:STZhongsong
StyleName:Regular
FullName:STZhongsong
FamilyNameNative:华文中宋
StyleNameNative:Regular
FullNameNative:华文中宋
WritingScript:SimplifiedChinese
OutlineFileName:C:/WINDOWS/Fonts/\STZHONGS.TTF
DataFormat:sfntData
FileLength:12135284
FileModTime:1035947898
WeightClass:400
WidthClass:5
AngleClass:0
%EndFont

%BeginFont
Handler:DirectoryHandler
FontType:TrueType
FontName:FZSY--SURROGATE-0
FamilyName:Simsun (Founder Extended)
StyleName:Regular
FullName:Simsun (Founder Extended)
FamilyNameNative:宋体-方正超大字符集
StyleNameNative:Regular
FullNameNative:宋体-方正超大字符集
WritingScript:SimplifiedChinese
OutlineFileName:C:/WINDOWS/Fonts/\SURSONG.TTF
DataFormat:sfntData
FileLength:41550084
FileModTime:1035947918
WeightClass:400
WidthClass:5
AngleClass:0
%EndFont

%BeginFont
Handler:DirectoryHandler
FontType:Invalid
OutlineFileName:C:/WINDOWS/Fonts/\svgafix.fon
FileModTime:1092744000
%EndFont

%BeginFont
Handler:DirectoryHandler
FontType:Invalid
OutlineFileName:C:/WINDOWS/Fonts/\svgasys.fon
FileModTime:1092744000
%EndFont

%BeginFont
Handler:DirectoryHandler
FontType:TrueType
FontName:Sylfaen
FamilyName:Sylfaen
StyleName:Regular
FullName:Sylfaen
WritingScript:Roman
OutlineFileName:C:/WINDOWS/Fonts/\sylfaen.ttf
DataFormat:sfntData
FileLength:221676
FileModTime:1092744000
WeightClass:400
WidthClass:5
AngleClass:0
%EndFont

%BeginFont
Handler:DirectoryHandler
FontType:TrueType
FontName:SymbolMT
FamilyName:Symbol
StyleName:Regular
FullName:Symbol
WritingScript:Roman
OutlineFileName:C:/WINDOWS/Fonts/\symbol.ttf
DataFormat:sfntData
FileLength:69464
FileModTime:1092744000
WeightClass:400
WidthClass:5
AngleClass:0
%EndFont

%BeginFont
Handler:DirectoryHandler
FontType:Invalid
OutlineFileName:C:/WINDOWS/Fonts/\symbole.fon
FileModTime:1092744000
%EndFont

%BeginFont
Handler:DirectoryHandler
FontType:TrueType
FontName:Tahoma
FamilyName:Tahoma
StyleName:Regular
FullName:Tahoma
WritingScript:Roman
OutlineFileName:C:/WINDOWS/Fonts/\tahoma.ttf
DataFormat:sfntData
FileLength:383804
FileModTime:1167625606
WeightClass:400
WidthClass:5
AngleClass:0
%EndFont

%BeginFont
Handler:DirectoryHandler
FontType:TrueType
FontName:Tahoma-Bold
FamilyName:Tahoma
StyleName:Bold
FullName:Tahoma Bold
WritingScript:Roman
OutlineFileName:C:/WINDOWS/Fonts/\tahomabd.ttf
DataFormat:sfntData
FileLength:355680
FileModTime:1167625610
WeightClass:700
WidthClass:5
AngleClass:0
%EndFont

%BeginFont
Handler:DirectoryHandler
FontType:TrueType
FontName:TimesNewRomanPSMT
FamilyName:Times New Roman
StyleName:Regular
FullName:Times New Roman
WritingScript:Roman
OutlineFileName:C:/WINDOWS/Fonts/\times.ttf
DataFormat:sfntData
FileLength:409280
FileModTime:1092744000
WeightClass:400
WidthClass:5
AngleClass:0
%EndFont

%BeginFont
Handler:DirectoryHandler
FontType:TrueType
FontName:TimesNewRomanPS-BoldMT
FamilyName:Times New Roman
StyleName:Bold
FullName:Times New Roman Bold
WritingScript:Roman
OutlineFileName:C:/WINDOWS/Fonts/\timesbd.ttf
DataFormat:sfntData
FileLength:398372
FileModTime:1092744000
WeightClass:700
WidthClass:5
AngleClass:0
%EndFont

%BeginFont
Handler:DirectoryHandler
FontType:TrueType
FontName:TimesNewRomanPS-BoldItalicMT
FamilyName:Times New Roman
StyleName:Bold Italic
FullName:Times New Roman Bold Italic
WritingScript:Roman
OutlineFileName:C:/WINDOWS/Fonts/\timesbi.ttf
DataFormat:sfntData
FileLength:239692
FileModTime:1092744000
WeightClass:700
WidthClass:5
AngleClass:1
%EndFont

%BeginFont
Handler:DirectoryHandler
FontType:TrueType
FontName:TimesNewRomanPS-ItalicMT
FamilyName:Times New Roman
StyleName:Italic
FullName:Times New Roman Italic
WritingScript:Roman
OutlineFileName:C:/WINDOWS/Fonts/\timesi.ttf
DataFormat:sfntData
FileLength:248368
FileModTime:1092744000
WeightClass:400
WidthClass:5
AngleClass:1
%EndFont

%BeginFont
Handler:DirectoryHandler
FontType:TrueType
FontName:TrebuchetMS
FamilyName:Trebuchet MS
StyleName:Regular
FullName:Trebuchet MS
WritingScript:Roman
OutlineFileName:C:/WINDOWS/Fonts/\trebuc.ttf
DataFormat:sfntData
FileLength:134108
FileModTime:1092744000
WeightClass:400
WidthClass:5
AngleClass:0
%EndFont

%BeginFont
Handler:DirectoryHandler
FontType:TrueType
FontName:TrebuchetMS-Bold
FamilyName:Trebuchet MS
StyleName:Bold
FullName:Trebuchet MS Bold
WritingScript:Roman
OutlineFileName:C:/WINDOWS/Fonts/\trebucbd.ttf
DataFormat:sfntData
FileLength:123096
FileModTime:1092744000
WeightClass:700
WidthClass:5
AngleClass:0
%EndFont

%BeginFont
Handler:DirectoryHandler
FontType:TrueType
FontName:Trebuchet-BoldItalic
FamilyName:Trebuchet MS
StyleName:Bold Italic
FullName:Trebuchet MS Bold Italic
WritingScript:Roman
OutlineFileName:C:/WINDOWS/Fonts/\trebucbi.ttf
DataFormat:sfntData
FileLength:131188
FileModTime:1092744000
WeightClass:700
WidthClass:5
AngleClass:1
%EndFont

%BeginFont
Handler:DirectoryHandler
FontType:TrueType
FontName:TrebuchetMS-Italic
FamilyName:Trebuchet MS
StyleName:Italic
FullName:Trebuchet MS Italic
WritingScript:Roman
OutlineFileName:C:/WINDOWS/Fonts/\trebucit.ttf
DataFormat:sfntData
FileLength:139288
FileModTime:1092744000
WeightClass:400
WidthClass:5
AngleClass:1
%EndFont

%BeginFont
Handler:DirectoryHandler
FontType:TrueType
FontName:Tunga-Regular
FamilyName:Tunga
StyleName:Regular
FullName:Tunga
WritingScript:Roman
OutlineFileName:C:/WINDOWS/Fonts/\tunga.ttf
DataFormat:sfntData
FileLength:148624
FileModTime:1167625482
WeightClass:400
WidthClass:5
AngleClass:0
%EndFont

%BeginFont
Handler:DirectoryHandler
FontType:TrueType
FontName:Verdana
FamilyName:Verdana
StyleName:Regular
FullName:Verdana
WritingScript:Roman
OutlineFileName:C:/WINDOWS/Fonts/\verdana.ttf
DataFormat:sfntData
FileLength:171792
FileModTime:1092744000
WeightClass:400
WidthClass:5
AngleClass:0
%EndFont

%BeginFont
Handler:DirectoryHandler
FontType:TrueType
FontName:Verdana-Bold
FamilyName:Verdana
StyleName:Bold
FullName:Verdana Bold
WritingScript:Roman
OutlineFileName:C:/WINDOWS/Fonts/\verdanab.ttf
DataFormat:sfntData
FileLength:137616
FileModTime:1092744000
WeightClass:700
WidthClass:5
AngleClass:0
%EndFont

%BeginFont
Handler:DirectoryHandler
FontType:TrueType
FontName:Verdana-Italic
FamilyName:Verdana
StyleName:Italic
FullName:Verdana Italic
WritingScript:Roman
OutlineFileName:C:/WINDOWS/Fonts/\verdanai.ttf
DataFormat:sfntData
FileLength:155076
FileModTime:1092744000
WeightClass:400
WidthClass:5
AngleClass:1
%EndFont

%BeginFont
Handler:DirectoryHandler
FontType:TrueType
FontName:Verdana-BoldItalic
FamilyName:Verdana
StyleName:Bold Italic
FullName:Verdana Bold Italic
WritingScript:Roman
OutlineFileName:C:/WINDOWS/Fonts/\verdanaz.ttf
DataFormat:sfntData
FileLength:154800
FileModTime:1092744000
WeightClass:700
WidthClass:5
AngleClass:1
%EndFont

%BeginFont
Handler:DirectoryHandler
FontType:Invalid
OutlineFileName:C:/WINDOWS/Fonts/\vga737.fon
FileModTime:1092744000
%EndFont

%BeginFont
Handler:DirectoryHandler
FontType:Invalid
OutlineFileName:C:/WINDOWS/Fonts/\vga775.fon
FileModTime:1092744000
%EndFont

%BeginFont
Handler:DirectoryHandler
FontType:Invalid
OutlineFileName:C:/WINDOWS/Fonts/\vga850.fon
FileModTime:1092744000
%EndFont

%BeginFont
Handler:DirectoryHandler
FontType:Invalid
OutlineFileName:C:/WINDOWS/Fonts/\vga852.fon
FileModTime:1092744000
%EndFont

%BeginFont
Handler:DirectoryHandler
FontType:Invalid
OutlineFileName:C:/WINDOWS/Fonts/\vga855.fon
FileModTime:1092744000
%EndFont

%BeginFont
Handler:DirectoryHandler
FontType:Invalid
OutlineFileName:C:/WINDOWS/Fonts/\vga857.fon
FileModTime:1092744000
%EndFont

%BeginFont
Handler:DirectoryHandler
FontType:Invalid
OutlineFileName:C:/WINDOWS/Fonts/\vga860.fon
FileModTime:1092744000
%EndFont

%BeginFont
Handler:DirectoryHandler
FontType:Invalid
OutlineFileName:C:/WINDOWS/Fonts/\vga863.fon
FileModTime:1092744000
%EndFont

%BeginFont
Handler:DirectoryHandler
FontType:Invalid
OutlineFileName:C:/WINDOWS/Fonts/\vga865.fon
FileModTime:1092744000
%EndFont

%BeginFont
Handler:DirectoryHandler
FontType:Invalid
OutlineFileName:C:/WINDOWS/Fonts/\vga866.fon
FileModTime:1092744000
%EndFont

%BeginFont
Handler:DirectoryHandler
FontType:Invalid
OutlineFileName:C:/WINDOWS/Fonts/\vga869.fon
FileModTime:1092744000
%EndFont

%BeginFont
Handler:DirectoryHandler
FontType:Invalid
OutlineFileName:C:/WINDOWS/Fonts/\vga932.fon
FileModTime:1092744000
%EndFont

%BeginFont
Handler:DirectoryHandler
FontType:Invalid
OutlineFileName:C:/WINDOWS/Fonts/\vga936.fon
FileModTime:1092744000
%EndFont

%BeginFont
Handler:DirectoryHandler
FontType:Invalid
OutlineFileName:C:/WINDOWS/Fonts/\vga949.fon
FileModTime:1092744000
%EndFont

%BeginFont
Handler:DirectoryHandler
FontType:Invalid
OutlineFileName:C:/WINDOWS/Fonts/\vga950.fon
FileModTime:1092744000
%EndFont

%BeginFont
Handler:DirectoryHandler
FontType:Invalid
OutlineFileName:C:/WINDOWS/Fonts/\vgaf1257.fon
FileModTime:1092744000
%EndFont

%BeginFont
Handler:DirectoryHandler
FontType:Invalid
OutlineFileName:C:/WINDOWS/Fonts/\vgafix.fon
FileModTime:1092744000
%EndFont

%BeginFont
Handler:DirectoryHandler
FontType:Invalid
OutlineFileName:C:/WINDOWS/Fonts/\vgafixe.fon
FileModTime:1092744000
%EndFont

%BeginFont
Handler:DirectoryHandler
FontType:Invalid
OutlineFileName:C:/WINDOWS/Fonts/\vgafixg.fon
FileModTime:1092744000
%EndFont

%BeginFont
Handler:DirectoryHandler
FontType:Invalid
OutlineFileName:C:/WINDOWS/Fonts/\vgafixr.fon
FileModTime:1092744000
%EndFont

%BeginFont
Handler:DirectoryHandler
FontType:Invalid
OutlineFileName:C:/WINDOWS/Fonts/\vgafixt.fon
FileModTime:1092744000
%EndFont

%BeginFont
Handler:DirectoryHandler
FontType:Invalid
OutlineFileName:C:/WINDOWS/Fonts/\vgaoem.fon
FileModTime:1092744000
%EndFont

%BeginFont
Handler:DirectoryHandler
FontType:Invalid
OutlineFileName:C:/WINDOWS/Fonts/\vgas1257.fon
FileModTime:1092744000
%EndFont

%BeginFont
Handler:DirectoryHandler
FontType:Invalid
OutlineFileName:C:/WINDOWS/Fonts/\vgasys.fon
FileModTime:1092744000
%EndFont

%BeginFont
Handler:DirectoryHandler
FontType:Invalid
OutlineFileName:C:/WINDOWS/Fonts/\vgasyse.fon
FileModTime:1092744000
%EndFont

%BeginFont
Handler:DirectoryHandler
FontType:Invalid
OutlineFileName:C:/WINDOWS/Fonts/\vgasysg.fon
FileModTime:1092744000
%EndFont

%BeginFont
Handler:DirectoryHandler
FontType:Invalid
OutlineFileName:C:/WINDOWS/Fonts/\vgasysr.fon
FileModTime:1092744000
%EndFont

%BeginFont
Handler:DirectoryHandler
FontType:Invalid
OutlineFileName:C:/WINDOWS/Fonts/\vgasyst.fon
FileModTime:1092744000
%EndFont

%BeginFont
Handler:DirectoryHandler
FontType:TrueType
FontName:Vrinda
FamilyName:Vrinda
StyleName:Regular
FullName:Vrinda
WritingScript:Roman
OutlineFileName:C:/WINDOWS/Fonts/\vrinda.ttf
DataFormat:sfntData
FileLength:252820
FileModTime:1092744000
WeightClass:400
WidthClass:5
AngleClass:0
%EndFont

%BeginFont
Handler:DirectoryHandler
FontType:TrueType
FontName:Webdings
FamilyName:Webdings
StyleName:Regular
FullName:Webdings
WritingScript:Roman
OutlineFileName:C:/WINDOWS/Fonts/\webdings.ttf
DataFormat:sfntData
FileLength:118752
FileModTime:1092744000
WeightClass:400
WidthClass:5
AngleClass:0
%EndFont

%BeginFont
Handler:DirectoryHandler
FontType:TrueType
FontName:Wingdings-Regular
FamilyName:Wingdings
StyleName:Regular
FullName:Wingdings
WritingScript:Roman
OutlineFileName:C:/WINDOWS/Fonts/\wingding.ttf
DataFormat:sfntData
FileLength:81000
FileModTime:1092744000
WeightClass:400
WidthClass:5
AngleClass:0
%EndFont

%BeginFont
Handler:DirectoryHandler
FontType:TrueType
FontName:Wingdings2
FamilyName:Wingdings 2
StyleName:Regular
FullName:Wingdings 2
WritingScript:Roman
OutlineFileName:C:/WINDOWS/Fonts/\WINGDNG2.TTF
DataFormat:sfntData
FileLength:65788
FileModTime:1011687742
WeightClass:400
WidthClass:5
AngleClass:0
%EndFont

%BeginFont
Handler:DirectoryHandler
FontType:TrueType
FontName:Wingdings3
FamilyName:Wingdings 3
StyleName:Regular
FullName:Wingdings 3
WritingScript:Roman
OutlineFileName:C:/WINDOWS/Fonts/\WINGDNG3.TTF
DataFormat:sfntData
FileLength:35328
FileModTime:1011687744
WeightClass:400
WidthClass:5
AngleClass:0
%EndFont

%BeginFont
Handler:DirectoryHandler
FontType:Invalid
OutlineFileName:C:/WINDOWS/Fonts/\wst_czec.fon
FileModTime:1092744000
%EndFont

%BeginFont
Handler:DirectoryHandler
FontType:Invalid
OutlineFileName:C:/WINDOWS/Fonts/\wst_engl.fon
FileModTime:1092744000
%EndFont

%BeginFont
Handler:DirectoryHandler
FontType:Invalid
OutlineFileName:C:/WINDOWS/Fonts/\wst_fren.fon
FileModTime:1092744000
%EndFont

%BeginFont
Handler:DirectoryHandler
FontType:Invalid
OutlineFileName:C:/WINDOWS/Fonts/\wst_germ.fon
FileModTime:1092744000
%EndFont

%BeginFont
Handler:DirectoryHandler
FontType:Invalid
OutlineFileName:C:/WINDOWS/Fonts/\wst_ital.fon
FileModTime:1092744000
%EndFont

%BeginFont
Handler:DirectoryHandler
FontType:Invalid
OutlineFileName:C:/WINDOWS/Fonts/\wst_span.fon
FileModTime:1092744000
%EndFont

%BeginFont
Handler:DirectoryHandler
FontType:Invalid
OutlineFileName:C:/WINDOWS/Fonts/\wst_swed.fon
FileModTime:1092744000
%EndFont

%BeginFont
Handler:DirectoryHandler
FontType:TrueType
FontName:ZWAdobeF
FamilyName:ZWAdobeF
StyleName:Regular
FullName:ZWAdobeF
WritingScript:Roman
OutlineFileName:C:/WINDOWS/Fonts/\ZWAdobeF.TTF
DataFormat:sfntData
FileLength:6800
FileModTime:1089224544
WeightClass:400
WidthClass:5
AngleClass:1
%EndFont

